Base path: 'C:/Program Files/Unity/Hub/Editor/2019.3.0f6/Editor/Data', plugins path 'C:/Program Files/Unity/Hub/Editor/2019.3.0f6/Editor/Data/PlaybackEngines'
Cmd: initializeCompiler
Cmd: preprocess
  insize=811 outsize=209 ok=1
Cmd: preprocess
  insize=811 outsize=209 ok=1
Cmd: preprocess
  insize=811 outsize=209 ok=1
Cmd: preprocess
  insize=811 outsize=209 ok=1
Cmd: preprocess
  insize=811 outsize=209 ok=1
Cmd: preprocess
  insize=811 outsize=209 ok=1
Cmd: preprocess
  insize=811 outsize=209 ok=1
Cmd: preprocess
  insize=811 outsize=209 ok=1
Cmd: preprocess
  insize=811 outsize=209 ok=1
Cmd: preprocess
  insize=811 outsize=209 ok=1
Cmd: preprocess
  insize=811 outsize=209 ok=1
Cmd: preprocess
  insize=811 outsize=209 ok=1
Cmd: preprocess
  insize=811 outsize=209 ok=1
Cmd: preprocess
  insize=811 outsize=209 ok=1
Cmd: preprocess
  insize=811 outsize=209 ok=1
Cmd: preprocess
  insize=811 outsize=209 ok=1
Cmd: preprocess
  insize=811 outsize=209 ok=1
Cmd: preprocess
  insize=811 outsize=209 ok=1
Cmd: preprocess
  insize=811 outsize=209 ok=1
Cmd: preprocess
  insize=811 outsize=209 ok=1
Cmd: preprocess
  insize=7531 outsize=847 ok=1
Cmd: preprocess
  insize=7295 outsize=847 ok=1
Cmd: preprocess
  insize=5506 outsize=850 ok=1
Cmd: preprocess
  insize=5010 outsize=840 ok=1
Cmd: preprocess
  insize=5010 outsize=840 ok=1
Cmd: preprocess
  insize=79705 outsize=3054 ok=1
Cmd: preprocess
  insize=4815 outsize=845 ok=1
Cmd: preprocess
  insize=4791 outsize=844 ok=1
Cmd: preprocess
  insize=10714 outsize=855 ok=1
Cmd: preprocess
  insize=9751 outsize=855 ok=1
Cmd: preprocess
  insize=5625 outsize=843 ok=1

Quitting shader compiler process
