
=== Sat Dec 15 16:39:33 2018

Packages were changed.
Update Mode: updateDependencies

The following packages were added:
  com.unity.collab-proxy@1.2.15
The following packages were updated:
  com.unity.ads from version 2.0.8 to 2.3.1
  com.unity.analytics from version 2.0.16 to 3.2.2
  com.unity.package-manager-ui from version 1.9.11 to 2.0.3
  com.unity.postprocessing from version 2.0.11-preview to 2.0.15-preview
  com.unity.textmeshpro from version 1.2.4 to 1.3.0

=== Wed May 15 13:01:50 2019

Packages were changed.
Update Mode: updateDependencies

The following packages were updated:
  com.unity.package-manager-ui from version 2.0.3 to 2.0.7

=== Sun Feb 16 20:17:39 2020

Packages were changed.
Update Mode: updateDependencies

The following packages were added:
  com.unity.2d.tilemap@1.0.0
  com.unity.test-framework@1.1.9
  com.unity.timeline@1.2.10
  com.unity.2d.sprite@1.0.0
  com.unity.ide.vscode@1.1.4
  com.unity.ide.rider@1.1.4
  com.unity.ugui@1.0.0
  com.unity.xr.legacyinputhelpers@1.3.8
  com.unity.modules.androidjni@1.0.0
  com.unity.multiplayer-hlapi@1.0.4
The following packages were updated:
  com.unity.analytics from version 3.2.2 to 3.3.5
  com.unity.collab-proxy from version 1.2.15 to 1.2.16
  com.unity.postprocessing from version 2.1.7 to 2.3.0
  com.unity.purchasing from version 2.0.3 to 2.0.6
  com.unity.textmeshpro from version 1.3.0 to 2.0.1
The following packages were removed:
  com.unity.package-manager-ui@2.0.7

=== Fri Aug 13 08:43:20 2021

Packages were changed.
Update Mode: updateDependencies

The following packages were added:
  com.unity.ide.visualstudio@2.0.9
The following packages were updated:
  com.unity.ide.vscode from version 1.1.3 to 1.2.3
  com.unity.render-pipelines.universal from version 7.1.8 to 10.5.0
  com.unity.test-framework from version 1.1.14 to 1.1.27
  com.unity.textmeshpro from version 2.0.1 to 3.0.6

=== Wed Sep  7 12:05:59 2022

Packages were changed.
Update Mode: updateDependencies

The following packages were updated:
  com.unity.formats.fbx from version 3.2.0-preview.2 to 4.1.2
  com.unity.ide.visualstudio from version 2.0.9 to 2.0.16
  com.unity.ide.vscode from version 1.2.3 to 1.2.5
  com.unity.postprocessing from version 2.3.0 to 3.2.2
  com.unity.render-pipelines.universal from version 10.5.0 to 12.1.7
  com.unity.test-framework from version 1.1.27 to 1.1.31
